<?xml version="1.0" encoding="UTF-8"?>
<coverage generated="1691687157911" clover="3.2.0">
  <project timestamp="1691687157912" name="All files">
    <metrics statements="24" coveredstatements="21" conditionals="24" coveredconditionals="8" methods="4" coveredmethods="4" elements="52" coveredelements="33" complexity="0" loc="24" ncloc="24" packages="1" files="1" classes="1"/>
    <file name="index.ts" path="C:\Users\Dev_Me\source\repos\node-package-projects\cron-conveter-u2q\src\index.ts">
      <metrics statements="24" coveredstatements="21" conditionals="24" coveredconditionals="8" methods="4" coveredmethods="4"/>
      <line num="1" count="1" type="stmt"/>
      <line num="3" count="2" type="stmt"/>
      <line num="4" count="2" type="stmt"/>
      <line num="5" count="2" type="stmt"/>
      <line num="14" count="2" type="stmt"/>
      <line num="16" count="2" type="stmt"/>
      <line num="17" count="2" type="cond" truecount="0" falsecount="1"/>
      <line num="19" count="2" type="stmt"/>
      <line num="20" count="2" type="stmt"/>
      <line num="21" count="2" type="stmt"/>
      <line num="23" count="2" type="cond" truecount="3" falsecount="2"/>
      <line num="24" count="0" type="cond" truecount="0" falsecount="3"/>
      <line num="26" count="2" type="stmt"/>
      <line num="36" count="1" type="stmt"/>
      <line num="38" count="1" type="stmt"/>
      <line num="40" count="1" type="cond" truecount="0" falsecount="1"/>
      <line num="42" count="1" type="stmt"/>
      <line num="43" count="1" type="stmt"/>
      <line num="44" count="1" type="stmt"/>
      <line num="46" count="1" type="cond" truecount="3" falsecount="1"/>
      <line num="47" count="0" type="cond" truecount="0" falsecount="4"/>
      <line num="48" count="0" type="cond" truecount="0" falsecount="3"/>
      <line num="50" count="1" type="stmt"/>
      <line num="54" count="3" type="cond" truecount="2" falsecount="1"/>
    </file>
  </project>
</coverage>
