{"C:\\Users\\Dev_Me\\source\\repos\\node-package-projects\\cron-conveter-u2q\\src\\index.ts": {"path":"C:\\Users\\Dev_Me\\source\\repos\\node-package-projects\\cron-conveter-u2q\\src\\index.ts","statementMap":{"0":{"start":{"line":3,"column":21},"end":{"line":3,"column":37}},"1":{"start":{"line":4,"column":21},"end":{"line":4,"column":46}},"2":{"start":{"line":5,"column":21},"end":{"line":5,"column":54}},"3":{"start":{"line":14,"column":8},"end":{"line":14,"column":51}},"4":{"start":{"line":16,"column":22},"end":{"line":16,"column":58}},"5":{"start":{"line":17,"column":8},"end":{"line":17,"column":100}},"6":{"start":{"line":17,"column":56},"end":{"line":17,"column":100}},"7":{"start":{"line":19,"column":45},"end":{"line":19,"column":50}},"8":{"start":{"line":20,"column":24},"end":{"line":20,"column":27}},"9":{"start":{"line":21,"column":24},"end":{"line":21,"column":27}},"10":{"start":{"line":23,"column":8},"end":{"line":24,"column":61}},"11":{"start":{"line":23,"column":57},"end":{"line":23,"column":73}},"12":{"start":{"line":24,"column":13},"end":{"line":24,"column":61}},"13":{"start":{"line":24,"column":45},"end":{"line":24,"column":61}},"14":{"start":{"line":26,"column":8},"end":{"line":26,"column":69}},"15":{"start":{"line":36,"column":8},"end":{"line":36,"column":53}},"16":{"start":{"line":38,"column":22},"end":{"line":38,"column":60}},"17":{"start":{"line":40,"column":8},"end":{"line":40,"column":112}},"18":{"start":{"line":40,"column":66},"end":{"line":40,"column":112}},"19":{"start":{"line":42,"column":48},"end":{"line":42,"column":53}},"20":{"start":{"line":43,"column":22},"end":{"line":43,"column":25}},"21":{"start":{"line":44,"column":22},"end":{"line":44,"column":25}},"22":{"start":{"line":46,"column":8},"end":{"line":48,"column":59}},"23":{"start":{"line":46,"column":40},"end":{"line":46,"column":54}},"24":{"start":{"line":47,"column":13},"end":{"line":48,"column":59}},"25":{"start":{"line":47,"column":45},"end":{"line":47,"column":59}},"26":{"start":{"line":48,"column":13},"end":{"line":48,"column":59}},"27":{"start":{"line":48,"column":45},"end":{"line":48,"column":59}},"28":{"start":{"line":50,"column":8},"end":{"line":50,"column":63}},"29":{"start":{"line":54,"column":8},"end":{"line":54,"column":105}},"30":{"start":{"line":54,"column":61},"end":{"line":54,"column":105}},"31":{"start":{"line":1,"column":0},"end":{"line":1,"column":13}}},"fnMap":{"0":{"name":"(anonymous_0)","decl":{"start":{"line":1,"column":0},"end":{"line":1,"column":13}},"loc":{"start":{"line":1,"column":0},"end":{"line":57,"column":1}}},"1":{"name":"(anonymous_1)","decl":{"start":{"line":12,"column":11},"end":{"line":12,"column":23}},"loc":{"start":{"line":12,"column":46},"end":{"line":27,"column":5}}},"2":{"name":"(anonymous_2)","decl":{"start":{"line":34,"column":11},"end":{"line":34,"column":23}},"loc":{"start":{"line":34,"column":48},"end":{"line":51,"column":5}}},"3":{"name":"(anonymous_3)","decl":{"start":{"line":53,"column":12},"end":{"line":53,"column":33}},"loc":{"start":{"line":53,"column":75},"end":{"line":55,"column":5}}}},"branchMap":{"0":{"loc":{"start":{"line":17,"column":8},"end":{"line":17,"column":100}},"type":"if","locations":[{"start":{"line":17,"column":8},"end":{"line":17,"column":100}}]},"1":{"loc":{"start":{"line":23,"column":8},"end":{"line":24,"column":61}},"type":"if","locations":[{"start":{"line":23,"column":8},"end":{"line":24,"column":61}},{"start":{"line":24,"column":13},"end":{"line":24,"column":61}}]},"2":{"loc":{"start":{"line":23,"column":12},"end":{"line":23,"column":55}},"type":"binary-expr","locations":[{"start":{"line":23,"column":12},"end":{"line":23,"column":23}},{"start":{"line":23,"column":28},"end":{"line":23,"column":39}},{"start":{"line":23,"column":43},"end":{"line":23,"column":54}}]},"3":{"loc":{"start":{"line":24,"column":13},"end":{"line":24,"column":61}},"type":"if","locations":[{"start":{"line":24,"column":13},"end":{"line":24,"column":61}}]},"4":{"loc":{"start":{"line":24,"column":17},"end":{"line":24,"column":43}},"type":"binary-expr","locations":[{"start":{"line":24,"column":17},"end":{"line":24,"column":28}},{"start":{"line":24,"column":32},"end":{"line":24,"column":43}}]},"5":{"loc":{"start":{"line":40,"column":8},"end":{"line":40,"column":112}},"type":"if","locations":[{"start":{"line":40,"column":8},"end":{"line":40,"column":112}}]},"6":{"loc":{"start":{"line":46,"column":8},"end":{"line":48,"column":59}},"type":"if","locations":[{"start":{"line":46,"column":8},"end":{"line":48,"column":59}},{"start":{"line":47,"column":13},"end":{"line":48,"column":59}}]},"7":{"loc":{"start":{"line":46,"column":12},"end":{"line":46,"column":38}},"type":"binary-expr","locations":[{"start":{"line":46,"column":12},"end":{"line":46,"column":23}},{"start":{"line":46,"column":27},"end":{"line":46,"column":38}}]},"8":{"loc":{"start":{"line":47,"column":13},"end":{"line":48,"column":59}},"type":"if","locations":[{"start":{"line":47,"column":13},"end":{"line":48,"column":59}},{"start":{"line":48,"column":13},"end":{"line":48,"column":59}}]},"9":{"loc":{"start":{"line":47,"column":17},"end":{"line":47,"column":43}},"type":"binary-expr","locations":[{"start":{"line":47,"column":17},"end":{"line":47,"column":28}},{"start":{"line":47,"column":32},"end":{"line":47,"column":43}}]},"10":{"loc":{"start":{"line":48,"column":13},"end":{"line":48,"column":59}},"type":"if","locations":[{"start":{"line":48,"column":13},"end":{"line":48,"column":59}}]},"11":{"loc":{"start":{"line":48,"column":17},"end":{"line":48,"column":43}},"type":"binary-expr","locations":[{"start":{"line":48,"column":17},"end":{"line":48,"column":28}},{"start":{"line":48,"column":32},"end":{"line":48,"column":43}}]},"12":{"loc":{"start":{"line":54,"column":8},"end":{"line":54,"column":105}},"type":"if","locations":[{"start":{"line":54,"column":8},"end":{"line":54,"column":105}}]},"13":{"loc":{"start":{"line":54,"column":12},"end":{"line":54,"column":59}},"type":"binary-expr","locations":[{"start":{"line":54,"column":12},"end":{"line":54,"column":27}},{"start":{"line":54,"column":31},"end":{"line":54,"column":59}}]}},"s":{"0":2,"1":2,"2":2,"3":2,"4":2,"5":2,"6":0,"7":2,"8":2,"9":2,"10":2,"11":2,"12":0,"13":0,"14":2,"15":1,"16":1,"17":1,"18":0,"19":1,"20":1,"21":1,"22":1,"23":1,"24":0,"25":0,"26":0,"27":0,"28":1,"29":3,"30":0,"31":1},"f":{"0":2,"1":2,"2":1,"3":3},"b":{"0":[0],"1":[2,0],"2":[2,2,0],"3":[0],"4":[0,0],"5":[0],"6":[1,0],"7":[1,1],"8":[0,0],"9":[0,0],"10":[0],"11":[0,0],"12":[0],"13":[3,3]}}
}
