TN:
SF:src\index.ts
FN:1,(anonymous_0)
FN:12,(anonymous_1)
FN:34,(anonymous_2)
FN:53,(anonymous_3)
FNF:4
FNH:4
FNDA:2,(anonymous_0)
FNDA:2,(anonymous_1)
FNDA:1,(anonymous_2)
FNDA:3,(anonymous_3)
DA:1,1
DA:3,2
DA:4,2
DA:5,2
DA:14,2
DA:16,2
DA:17,2
DA:19,2
DA:20,2
DA:21,2
DA:23,2
DA:24,0
DA:26,2
DA:36,1
DA:38,1
DA:40,1
DA:42,1
DA:43,1
DA:44,1
DA:46,1
DA:47,0
DA:48,0
DA:50,1
DA:54,3
LF:24
LH:21
BRDA:17,0,0,0
BRDA:23,1,0,2
BRDA:23,1,1,0
BRDA:23,2,0,2
BRDA:23,2,1,2
BRDA:23,2,2,0
BRDA:24,3,0,0
BRDA:24,4,0,0
BRDA:24,4,1,0
BRDA:40,5,0,0
BRDA:46,6,0,1
BRDA:46,6,1,0
BRDA:46,7,0,1
BRDA:46,7,1,1
BRDA:47,8,0,0
BRDA:47,8,1,0
BRDA:47,9,0,0
BRDA:47,9,1,0
BRDA:48,10,0,0
BRDA:48,11,0,0
BRDA:48,11,1,0
BRDA:54,12,0,0
BRDA:54,13,0,3
BRDA:54,13,1,3
BRF:24
BRH:8
end_of_record
